# JRE version: OpenJDK Runtime Environment (8.0_212-b04) (build 1.8.0_212-release-1586-b04)
# Java VM: OpenJDK 64-Bit Server VM (25.212-b04 mixed mode windows-amd64 compressed oops)
Heap:
 PSYoungGen      total 467968K, used 170629K [0x00000000e0000000, 0x00000000ffd00000, 0x0000000100000000)
  eden space 419328K, 34% used [0x00000000e0000000,0x00000000e8b729d0,0x00000000f9980000)
  from space 48640K, 57% used [0x00000000f9980000,0x00000000fb4aedf0,0x00000000fc900000)
  to   space 47616K, 0% used [0x00000000fce80000,0x00000000fce80000,0x00000000ffd00000)
 ParOldGen       total 337408K, used 78700K [0x00000000a0000000, 0x00000000b4980000, 0x00000000e0000000)
  object space 337408K, 23% used [0x00000000a0000000,0x00000000a4cdb3a0,0x00000000b4980000)
 Metaspace       used 99915K, capacity 104558K, committed 104832K, reserved 1140736K
  class space    used 12947K, capacity 13908K, committed 13952K, reserved 1048576K
GC Heap History (10 events):
Event: 1189.511 GC heap before
{Heap before GC invocations=15 (full 3):
 PSYoungGen      total 390144K, used 78709K [0x00000000e0000000, 0x00000000ff400000, 0x0000000100000000)
  eden space 352256K, 11% used [0x00000000e0000000,0x00000000e27e3b40,0x00000000f5800000)
  from space 37888K, 99% used [0x00000000f5800000,0x00000000f7cf9aa8,0x00000000f7d00000)
  to   space 54272K, 0% used [0x00000000fbf00000,0x00000000fbf00000,0x00000000ff400000)
 ParOldGen       total 223232K, used 79221K [0x00000000a0000000, 0x00000000ada00000, 0x00000000e0000000)
  object space 223232K, 35% used [0x00000000a0000000,0x00000000a4d5d5a8,0x00000000ada00000)
 Metaspace       used 94215K, capacity 98406K, committed 98560K, reserved 1134592K
  class space    used 12308K, capacity 13198K, committed 13312K, reserved 1048576K
Event: 1189.543 GC heap after
Heap after GC invocations=15 (full 3):
 PSYoungGen      total 460288K, used 17496K [0x00000000e0000000, 0x0000000100000000, 0x0000000100000000)
  eden space 406016K, 0% used [0x00000000e0000000,0x00000000e0000000,0x00000000f8c80000)
  from space 54272K, 32% used [0x00000000fbf00000,0x00000000fd016390,0x00000000ff400000)
  to   space 51712K, 0% used [0x00000000f8c80000,0x00000000f8c80000,0x00000000fbf00000)
 ParOldGen       total 223232K, used 106963K [0x00000000a0000000, 0x00000000ada00000, 0x00000000e0000000)
  object space 223232K, 47% used [0x00000000a0000000,0x00000000a6874e40,0x00000000ada00000)
 Metaspace       used 94215K, capacity 98406K, committed 98560K, reserved 1134592K
  class space    used 12308K, capacity 13198K, committed 13312K, reserved 1048576K
}
Event: 1189.544 GC heap before
{Heap before GC invocations=16 (full 4):
 PSYoungGen      total 460288K, used 17496K [0x00000000e0000000, 0x0000000100000000, 0x0000000100000000)
  eden space 406016K, 0% used [0x00000000e0000000,0x00000000e0000000,0x00000000f8c80000)
  from space 54272K, 32% used [0x00000000fbf00000,0x00000000fd016390,0x00000000ff400000)
  to   space 51712K, 0% used [0x00000000f8c80000,0x00000000f8c80000,0x00000000fbf00000)
 ParOldGen       total 223232K, used 106963K [0x00000000a0000000, 0x00000000ada00000, 0x00000000e0000000)
  object space 223232K, 47% used [0x00000000a0000000,0x00000000a6874e40,0x00000000ada00000)
 Metaspace       used 94215K, capacity 98406K, committed 98560K, reserved 1134592K
  class space    used 12308K, capacity 13198K, committed 13312K, reserved 1048576K
Event: 1189.736 GC heap after
Heap after GC invocations=16 (full 4):
 PSYoungGen      total 460288K, used 0K [0x00000000e0000000, 0x0000000100000000, 0x0000000100000000)
  eden space 406016K, 0% used [0x00000000e0000000,0x00000000e0000000,0x00000000f8c80000)
  from space 54272K, 0% used [0x00000000fbf00000,0x00000000fbf00000,0x00000000ff400000)
  to   space 51712K, 0% used [0x00000000f8c80000,0x00000000f8c80000,0x00000000fbf00000)
 ParOldGen       total 337408K, used 78676K [0x00000000a0000000, 0x00000000b4980000, 0x00000000e0000000)
  object space 337408K, 23% used [0x00000000a0000000,0x00000000a4cd53a0,0x00000000b4980000)
 Metaspace       used 93955K, capacity 97656K, committed 98560K, reserved 1134592K
  class space    used 12223K, capacity 13051K, committed 13312K, reserved 1048576K
}
Event: 1191.544 GC heap before
{Heap before GC invocations=17 (full 4):
 PSYoungGen      total 460288K, used 406016K [0x00000000e0000000, 0x0000000100000000, 0x0000000100000000)
  eden space 406016K, 100% used [0x00000000e0000000,0x00000000f8c80000,0x00000000f8c80000)
  from space 54272K, 0% used [0x00000000fbf00000,0x00000000fbf00000,0x00000000ff400000)
  to   space 51712K, 0% used [0x00000000f8c80000,0x00000000f8c80000,0x00000000fbf00000)
 ParOldGen       total 337408K, used 78676K [0x00000000a0000000, 0x00000000b4980000, 0x00000000e0000000)
  object space 337408K, 23% used [0x00000000a0000000,0x00000000a4cd53a0,0x00000000b4980000)
 Metaspace       used 99466K, capacity 104100K, committed 104320K, reserved 1140736K
  class space    used 12908K, capacity 13859K, committed 13952K, reserved 1048576K
Event: 1191.575 GC heap after
Heap after GC invocations=17 (full 4):
 PSYoungGen      total 457728K, used 24671K [0x00000000e0000000, 0x00000000ff980000, 0x0000000100000000)
  eden space 406016K, 0% used [0x00000000e0000000,0x00000000e0000000,0x00000000f8c80000)
  from space 51712K, 47% used [0x00000000f8c80000,0x00000000fa497de0,0x00000000fbf00000)
  to   space 49664K, 0% used [0x00000000fc900000,0x00000000fc900000,0x00000000ff980000)
 ParOldGen       total 337408K, used 78684K [0x00000000a0000000, 0x00000000b4980000, 0x00000000e0000000)
  object space 337408K, 23% used [0x00000000a0000000,0x00000000a4cd73a0,0x00000000b4980000)
 Metaspace       used 99466K, capacity 104100K, committed 104320K, reserved 1140736K
  class space    used 12908K, capacity 13859K, committed 13952K, reserved 1048576K
}
Event: 1192.517 GC heap before
{Heap before GC invocations=18 (full 4):
 PSYoungGen      total 457728K, used 430687K [0x00000000e0000000, 0x00000000ff980000, 0x0000000100000000)
  eden space 406016K, 100% used [0x00000000e0000000,0x00000000f8c80000,0x00000000f8c80000)
  from space 51712K, 47% used [0x00000000f8c80000,0x00000000fa497de0,0x00000000fbf00000)
  to   space 49664K, 0% used [0x00000000fc900000,0x00000000fc900000,0x00000000ff980000)
 ParOldGen       total 337408K, used 78684K [0x00000000a0000000, 0x00000000b4980000, 0x00000000e0000000)
  object space 337408K, 23% used [0x00000000a0000000,0x00000000a4cd73a0,0x00000000b4980000)
 Metaspace       used 99733K, capacity 104360K, committed 104576K, reserved 1140736K
  class space    used 12931K, capacity 13869K, committed 13952K, reserved 1048576K
Event: 1192.547 GC heap after
Heap after GC invocations=18 (full 4):
 PSYoungGen      total 468992K, used 25726K [0x00000000e0000000, 0x00000000ffc00000, 0x0000000100000000)
  eden space 419328K, 0% used [0x00000000e0000000,0x00000000e0000000,0x00000000f9980000)
  from space 49664K, 51% used [0x00000000fc900000,0x00000000fe21f830,0x00000000ff980000)
  to   space 48640K, 0% used [0x00000000f9980000,0x00000000f9980000,0x00000000fc900000)
 ParOldGen       total 337408K, used 78692K [0x00000000a0000000, 0x00000000b4980000, 0x00000000e0000000)
  object space 337408K, 23% used [0x00000000a0000000,0x00000000a4cd93a0,0x00000000b4980000)
 Metaspace       used 99733K, capacity 104360K, committed 104576K, reserved 1140736K
  class space    used 12931K, capacity 13869K, committed 13952K, reserved 1048576K
}
Event: 1193.652 GC heap before
{Heap before GC invocations=19 (full 4):
 PSYoungGen      total 468992K, used 445054K [0x00000000e0000000, 0x00000000ffc00000, 0x0000000100000000)
  eden space 419328K, 100% used [0x00000000e0000000,0x00000000f9980000,0x00000000f9980000)
  from space 49664K, 51% used [0x00000000fc900000,0x00000000fe21f830,0x00000000ff980000)
  to   space 48640K, 0% used [0x00000000f9980000,0x00000000f9980000,0x00000000fc900000)
 ParOldGen       total 337408K, used 78692K [0x00000000a0000000, 0x00000000b4980000, 0x00000000e0000000)
  object space 337408K, 23% used [0x00000000a0000000,0x00000000a4cd93a0,0x00000000b4980000)
 Metaspace       used 99897K, capacity 104554K, committed 104832K, reserved 1140736K
  class space    used 12947K, capacity 13908K, committed 13952K, reserved 1048576K
Event: 1193.679 GC heap after
Heap after GC invocations=19 (full 4):
 PSYoungGen      total 467968K, used 27835K [0x00000000e0000000, 0x00000000ffd00000, 0x0000000100000000)
  eden space 419328K, 0% used [0x00000000e0000000,0x00000000e0000000,0x00000000f9980000)
  from space 48640K, 57% used [0x00000000f9980000,0x00000000fb4aedf0,0x00000000fc900000)
  to   space 47616K, 0% used [0x00000000fce80000,0x00000000fce80000,0x00000000ffd00000)
 ParOldGen       total 337408K, used 78700K [0x00000000a0000000, 0x00000000b4980000, 0x00000000e0000000)
  object space 337408K, 23% used [0x00000000a0000000,0x00000000a4cdb3a0,0x00000000b4980000)
 Metaspace       used 99897K, capacity 104554K, committed 104832K, reserved 1140736K
  class space    used 12947K, capacity 13908K, committed 13952K, reserved 1048576K
}

