# JRE version: OpenJDK Runtime Environment (8.0_212-b04) (build 1.8.0_212-release-1586-b04)
# Java VM: OpenJDK 64-Bit Server VM (25.212-b04 mixed mode windows-amd64 compressed oops)
Heap:
 PSYoungGen      total 379904K, used 86522K [0x00000000e0000000, 0x00000000fa080000, 0x0000000100000000)
  eden space 335872K, 22% used [0x00000000e0000000,0x00000000e4a4a4f8,0x00000000f4800000)
  from space 44032K, 23% used [0x00000000f4800000,0x00000000f5234478,0x00000000f7300000)
  to   space 45056K, 0% used [0x00000000f7300000,0x00000000f7300000,0x00000000f9f00000)
 ParOldGen       total 227840K, used 103701K [0x00000000a0000000, 0x00000000ade80000, 0x00000000e0000000)
  object space 227840K, 45% used [0x00000000a0000000,0x00000000a6545598,0x00000000ade80000)
 Metaspace       used 94425K, capacity 98397K, committed 98472K, reserved 1134592K
  class space    used 12147K, capacity 12924K, committed 12968K, reserved 1048576K
GC Heap History (10 events):
Event: 36.960 GC heap before
{Heap before GC invocations=16 (full 3):
 PSYoungGen      total 227840K, used 227201K [0x00000000e0000000, 0x00000000f0400000, 0x0000000100000000)
  eden space 206336K, 100% used [0x00000000e0000000,0x00000000ec980000,0x00000000ec980000)
  from space 21504K, 97% used [0x00000000ee100000,0x00000000ef560418,0x00000000ef600000)
  to   space 24064K, 0% used [0x00000000ec980000,0x00000000ec980000,0x00000000ee100000)
 ParOldGen       total 227840K, used 32923K [0x00000000a0000000, 0x00000000ade80000, 0x00000000e0000000)
  object space 227840K, 14% used [0x00000000a0000000,0x00000000a2026d28,0x00000000ade80000)
 Metaspace       used 71690K, capacity 74473K, committed 74792K, reserved 1114112K
  class space    used 9317K, capacity 9936K, committed 10024K, reserved 1048576K
Event: 36.980 GC heap after
Heap after GC invocations=16 (full 3):
 PSYoungGen      total 230400K, used 22336K [0x00000000e0000000, 0x00000000f3c00000, 0x0000000100000000)
  eden space 206336K, 0% used [0x00000000e0000000,0x00000000e0000000,0x00000000ec980000)
  from space 24064K, 92% used [0x00000000ec980000,0x00000000edf500c0,0x00000000ee100000)
  to   space 26112K, 0% used [0x00000000f2280000,0x00000000f2280000,0x00000000f3c00000)
 ParOldGen       total 227840K, used 32931K [0x00000000a0000000, 0x00000000ade80000, 0x00000000e0000000)
  object space 227840K, 14% used [0x00000000a0000000,0x00000000a2028d28,0x00000000ade80000)
 Metaspace       used 71690K, capacity 74473K, committed 74792K, reserved 1114112K
  class space    used 9317K, capacity 9936K, committed 10024K, reserved 1048576K
}
Event: 38.686 GC heap before
{Heap before GC invocations=17 (full 3):
 PSYoungGen      total 230400K, used 228206K [0x00000000e0000000, 0x00000000f3c00000, 0x0000000100000000)
  eden space 206336K, 99% used [0x00000000e0000000,0x00000000ec90b8e0,0x00000000ec980000)
  from space 24064K, 92% used [0x00000000ec980000,0x00000000edf500c0,0x00000000ee100000)
  to   space 26112K, 0% used [0x00000000f2280000,0x00000000f2280000,0x00000000f3c00000)
 ParOldGen       total 227840K, used 32931K [0x00000000a0000000, 0x00000000ade80000, 0x00000000e0000000)
  object space 227840K, 14% used [0x00000000a0000000,0x00000000a2028d28,0x00000000ade80000)
 Metaspace       used 74531K, capacity 77415K, committed 77736K, reserved 1116160K
  class space    used 9639K, capacity 10303K, committed 10408K, reserved 1048576K
Event: 38.715 GC heap after
Heap after GC invocations=17 (full 3):
 PSYoungGen      total 286720K, used 26093K [0x00000000e0000000, 0x00000000f4f80000, 0x0000000100000000)
  eden space 260608K, 0% used [0x00000000e0000000,0x00000000e0000000,0x00000000efe80000)
  from space 26112K, 99% used [0x00000000f2280000,0x00000000f3bfb660,0x00000000f3c00000)
  to   space 36864K, 0% used [0x00000000efe80000,0x00000000efe80000,0x00000000f2280000)
 ParOldGen       total 227840K, used 52499K [0x00000000a0000000, 0x00000000ade80000, 0x00000000e0000000)
  object space 227840K, 23% used [0x00000000a0000000,0x00000000a3344f40,0x00000000ade80000)
 Metaspace       used 74531K, capacity 77415K, committed 77736K, reserved 1116160K
  class space    used 9639K, capacity 10303K, committed 10408K, reserved 1048576K
}
Event: 42.256 GC heap before
{Heap before GC invocations=18 (full 3):
 PSYoungGen      total 286720K, used 286701K [0x00000000e0000000, 0x00000000f4f80000, 0x0000000100000000)
  eden space 260608K, 100% used [0x00000000e0000000,0x00000000efe80000,0x00000000efe80000)
  from space 26112K, 99% used [0x00000000f2280000,0x00000000f3bfb660,0x00000000f3c00000)
  to   space 36864K, 0% used [0x00000000efe80000,0x00000000efe80000,0x00000000f2280000)
 ParOldGen       total 227840K, used 52499K [0x00000000a0000000, 0x00000000ade80000, 0x00000000e0000000)
  object space 227840K, 23% used [0x00000000a0000000,0x00000000a3344f40,0x00000000ade80000)
 Metaspace       used 84169K, capacity 87179K, committed 87336K, reserved 1124352K
  class space    used 10806K, capacity 11479K, committed 11560K, reserved 1048576K
Event: 42.288 GC heap after
Heap after GC invocations=18 (full 3):
 PSYoungGen      total 297472K, used 36863K [0x00000000e0000000, 0x00000000f9f00000, 0x0000000100000000)
  eden space 260608K, 0% used [0x00000000e0000000,0x00000000e0000000,0x00000000efe80000)
  from space 36864K, 99% used [0x00000000efe80000,0x00000000f227fcc0,0x00000000f2280000)
  to   space 45056K, 0% used [0x00000000f7300000,0x00000000f7300000,0x00000000f9f00000)
 ParOldGen       total 227840K, used 60185K [0x00000000a0000000, 0x00000000ade80000, 0x00000000e0000000)
  object space 227840K, 26% used [0x00000000a0000000,0x00000000a3ac6708,0x00000000ade80000)
 Metaspace       used 84169K, capacity 87179K, committed 87336K, reserved 1124352K
  class space    used 10806K, capacity 11479K, committed 11560K, reserved 1048576K
}
Event: 44.013 GC heap before
{Heap before GC invocations=19 (full 3):
 PSYoungGen      total 297472K, used 297471K [0x00000000e0000000, 0x00000000f9f00000, 0x0000000100000000)
  eden space 260608K, 100% used [0x00000000e0000000,0x00000000efe80000,0x00000000efe80000)
  from space 36864K, 99% used [0x00000000efe80000,0x00000000f227fcc0,0x00000000f2280000)
  to   space 45056K, 0% used [0x00000000f7300000,0x00000000f7300000,0x00000000f9f00000)
 ParOldGen       total 227840K, used 63812K [0x00000000a0000000, 0x00000000ade80000, 0x00000000e0000000)
  object space 227840K, 28% used [0x00000000a0000000,0x00000000a3e51110,0x00000000ade80000)
 Metaspace       used 93447K, capacity 97319K, committed 97448K, reserved 1134592K
  class space    used 12078K, capacity 12859K, committed 12968K, reserved 1048576K
Event: 44.056 GC heap after
Heap after GC invocations=19 (full 3):
 PSYoungGen      total 380928K, used 23672K [0x00000000e0000000, 0x00000000fa080000, 0x0000000100000000)
  eden space 335872K, 0% used [0x00000000e0000000,0x00000000e0000000,0x00000000f4800000)
  from space 45056K, 52% used [0x00000000f7300000,0x00000000f8a1e278,0x00000000f9f00000)
  to   space 44032K, 0% used [0x00000000f4800000,0x00000000f4800000,0x00000000f7300000)
 ParOldGen       total 227840K, used 89426K [0x00000000a0000000, 0x00000000ade80000, 0x00000000e0000000)
  object space 227840K, 39% used [0x00000000a0000000,0x00000000a5754b48,0x00000000ade80000)
 Metaspace       used 93447K, capacity 97319K, committed 97448K, reserved 1134592K
  class space    used 12078K, capacity 12859K, committed 12968K, reserved 1048576K
}
Event: 45.139 GC heap before
{Heap before GC invocations=20 (full 3):
 PSYoungGen      total 380928K, used 359544K [0x00000000e0000000, 0x00000000fa080000, 0x0000000100000000)
  eden space 335872K, 100% used [0x00000000e0000000,0x00000000f4800000,0x00000000f4800000)
  from space 45056K, 52% used [0x00000000f7300000,0x00000000f8a1e278,0x00000000f9f00000)
  to   space 44032K, 0% used [0x00000000f4800000,0x00000000f4800000,0x00000000f7300000)
 ParOldGen       total 227840K, used 89428K [0x00000000a0000000, 0x00000000ade80000, 0x00000000e0000000)
  object space 227840K, 39% used [0x00000000a0000000,0x00000000a5755180,0x00000000ade80000)
 Metaspace       used 94381K, capacity 98385K, committed 98472K, reserved 1134592K
  class space    used 12145K, capacity 12924K, committed 12968K, reserved 1048576K
Event: 45.163 GC heap after
Heap after GC invocations=20 (full 3):
 PSYoungGen      total 379904K, used 10449K [0x00000000e0000000, 0x00000000fa080000, 0x0000000100000000)
  eden space 335872K, 0% used [0x00000000e0000000,0x00000000e0000000,0x00000000f4800000)
  from space 44032K, 23% used [0x00000000f4800000,0x00000000f5234478,0x00000000f7300000)
  to   space 45056K, 0% used [0x00000000f7300000,0x00000000f7300000,0x00000000f9f00000)
 ParOldGen       total 227840K, used 103701K [0x00000000a0000000, 0x00000000ade80000, 0x00000000e0000000)
  object space 227840K, 45% used [0x00000000a0000000,0x00000000a6545598,0x00000000ade80000)
 Metaspace       used 94381K, capacity 98385K, committed 98472K, reserved 1134592K
  class space    used 12145K, capacity 12924K, committed 12968K, reserved 1048576K
}

